TN:
SF:src/index.ts
FN:20,(anonymous_10)
FN:35,(anonymous_11)
FN:55,(anonymous_12)
FN:61,(anonymous_13)
FN:81,(anonymous_14)
FN:86,(anonymous_15)
FN:93,(anonymous_16)
FN:118,(anonymous_17)
FN:122,(anonymous_18)
FN:132,(anonymous_19)
FN:137,(anonymous_20)
FN:164,(anonymous_21)
FN:170,(anonymous_22)
FN:195,(anonymous_23)
FN:196,(anonymous_24)
FNF:15
FNH:7
FNDA:5,(anonymous_10)
FNDA:2,(anonymous_11)
FNDA:7,(anonymous_12)
FNDA:4,(anonymous_13)
FNDA:1,(anonymous_14)
FNDA:6,(anonymous_15)
FNDA:4,(anonymous_16)
FNDA:0,(anonymous_17)
FNDA:0,(anonymous_18)
FNDA:0,(anonymous_19)
FNDA:0,(anonymous_20)
FNDA:0,(anonymous_21)
FNDA:0,(anonymous_22)
FNDA:0,(anonymous_23)
FNDA:0,(anonymous_24)
DA:1,1
DA:2,1
DA:3,1
DA:15,1
DA:16,1
DA:18,1
DA:20,1
DA:26,5
DA:28,5
DA:30,1
DA:33,1
DA:34,1
DA:35,2
DA:38,4
DA:41,5
DA:43,6
DA:45,6
DA:46,6
DA:47,6
DA:49,6
DA:51,6
DA:54,6
DA:55,6
DA:56,7
DA:57,6
DA:58,6
DA:60,6
DA:62,4
DA:68,4
DA:69,4
DA:72,6
DA:73,1
DA:74,1
DA:75,0
DA:77,1
DA:81,6
DA:83,0
DA:85,6
DA:86,6
DA:87,6
DA:93,1
DA:101,4
DA:102,2
DA:103,2
DA:104,2
DA:105,0
DA:108,2
DA:111,2
DA:112,2
DA:114,2
DA:115,2
DA:116,2
DA:118,2
DA:119,0
DA:121,0
DA:122,0
DA:125,0
DA:132,0
DA:133,0
DA:134,0
DA:135,0
DA:137,0
DA:140,0
DA:141,0
DA:148,0
DA:149,0
DA:150,0
DA:151,0
DA:152,0
DA:153,0
DA:155,0
DA:160,0
DA:161,0
DA:162,0
DA:164,0
DA:165,0
DA:167,0
DA:168,0
DA:169,0
DA:171,0
DA:181,0
DA:182,0
DA:186,0
DA:192,2
DA:195,1
DA:196,0
DA:198,0
DA:200,0
LF:88
LH:52
BRDA:24,0,0,5
BRDA:28,1,0,1
BRDA:28,1,1,4
BRDA:35,2,0,1
BRDA:35,2,1,1
BRDA:43,3,0,6
BRDA:43,3,1,1
BRDA:57,4,0,6
BRDA:57,4,1,0
BRDA:72,5,0,1
BRDA:74,6,0,0
BRDA:99,7,0,4
BRDA:101,8,0,2
BRDA:104,9,0,0
BRDA:112,10,0,2
BRDA:112,10,1,2
BRDA:112,10,2,0
BRDA:132,11,0,0
BRDA:132,11,1,0
BRDA:135,12,0,0
BRDA:149,13,0,0
BRDA:160,14,0,0
BRDA:160,15,0,0
BRDA:160,15,1,0
BRDA:181,16,0,0
BRDA:181,16,1,0
BRDA:198,17,0,0
BRF:27
BRH:13
end_of_record
